WARNING: python3 and any of its children processes will be profiled.

----batch_size=1---torchscript=True----
[warmup]
Time 100.35109519958496 ms
Time 118.77655982971191 ms
Time 27.76646614074707 ms
Time 28.76138687133789 ms
Time 28.22279930114746 ms
Time 27.8470516204834 ms
Time 27.934789657592773 ms
Time 28.37204933166504 ms
Time 28.072118759155273 ms
Time 27.93431282043457 ms
Time 28.46074104309082 ms
Time 28.120994567871094 ms
Time 27.92072296142578 ms
Time 28.34153175354004 ms
Time 28.063297271728516 ms
Time 27.928829193115234 ms
Time 27.343273162841797 ms
Time 28.094768524169922 ms
Time 27.741193771362305 ms
Time 27.484655380249023 ms
Time 27.592897415161133 ms
Time 28.57041358947754 ms
Time 28.05781364440918 ms
Time 27.715444564819336 ms
Time 27.722597122192383 ms
Time 28.035402297973633 ms
Time 27.53162384033203 ms
Time 27.704715728759766 ms
Time 28.26690673828125 ms
Time 27.740478515625 ms
Time 27.678489685058594 ms
Time 28.095006942749023 ms
Time 27.9538631439209 ms
Time 27.979135513305664 ms
Time 27.73308753967285 ms
Time 28.453588485717773 ms
Time 27.639150619506836 ms
Time 27.62627601623535 ms
Time 27.8317928314209 ms
Time 28.517723083496094 ms
Time 27.348995208740234 ms
Time 27.596473693847656 ms
Time 28.165102005004883 ms
Time 27.830839157104492 ms
Time 27.759552001953125 ms
Time 28.288841247558594 ms
Time 28.022050857543945 ms
Time 27.829647064208984 ms
Time 27.905941009521484 ms
Time 28.48505973815918 ms
Time 27.645349502563477 ms
Time 27.592897415161133 ms
Time 27.820587158203125 ms
Time 28.1527042388916 ms
Time 27.622222900390625 ms
Time 27.760744094848633 ms
Time 28.165340423583984 ms
Time 28.553485870361328 ms
Time 27.538299560546875 ms
Time 27.786731719970703 ms
Time 27.995824813842773 ms
Time 27.869462966918945 ms
Time 27.316570281982422 ms
Time 28.589963912963867 ms
Time 27.463674545288086 ms
Time 27.662038803100586 ms
Time 27.935028076171875 ms
Time 28.314828872680664 ms
Time 27.659893035888672 ms
Time 27.423858642578125 ms
Time 28.147459030151367 ms
Time 27.952194213867188 ms
Time 27.446508407592773 ms
Time 27.982234954833984 ms
Time 27.96769142150879 ms
Time 28.127670288085938 ms
Time 27.59718894958496 ms
Time 28.1982421875 ms
Time 27.544498443603516 ms
Time 28.027772903442383 ms
Time 27.9996395111084 ms
Time 28.42855453491211 ms
Time 27.794837951660156 ms
Time 27.576923370361328 ms
Time 28.252363204956055 ms
Time 28.123140335083008 ms
Time 27.34971046447754 ms
Time 27.847766876220703 ms
Time 27.95243263244629 ms
Time 27.729272842407227 ms
Time 27.86707878112793 ms
Time 28.310537338256836 ms
Time 27.893781661987305 ms
Time 28.11121940612793 ms
Time 28.340816497802734 ms
Time 28.249263763427734 ms
Time 27.54950523376465 ms
Time 27.81200408935547 ms
Time 28.018951416015625 ms
Time 27.891874313354492 ms
[31m100 iters, min = 17.7469 ms, max = 29.9351 ms, avg = 26.8953 ms[m
